2016-04-12 17:16:48 - PHP Notice:  Undefined index: key in C:\wamp\www\opencart\catalog\view\theme\zerocart-yellow\template\common\cart.tpl on line 25
2016-04-12 17:16:48 - PHP Notice:  Undefined variable: icon in C:\wamp\www\opencart\catalog\view\theme\zerocart-yellow\template\common\header.tpl on line 20
2016-04-12 17:16:48 - PHP Notice:  Undefined variable: google_analytics in C:\wamp\www\opencart\catalog\view\theme\zerocart-yellow\template\common\header.tpl on line 39
2016-04-12 17:17:34 - PHP Notice:  Undefined index: key in C:\wamp\www\opencart\catalog\view\theme\zerocart-yellow\template\common\cart.tpl on line 25
2016-04-12 17:17:34 - PHP Notice:  Undefined variable: icon in C:\wamp\www\opencart\catalog\view\theme\zerocart-yellow\template\common\header.tpl on line 20
2016-04-12 17:17:34 - PHP Notice:  Undefined variable: google_analytics in C:\wamp\www\opencart\catalog\view\theme\zerocart-yellow\template\common\header.tpl on line 39
2016-04-13 10:17:44 - PHP Notice:  Undefined variable: icon in C:\wamp\www\opencart\catalog\view\theme\cjoct-orange\template\common\header.tpl on line 20
2016-04-13 10:17:44 - PHP Notice:  Undefined variable: google_analytics in C:\wamp\www\opencart\catalog\view\theme\cjoct-orange\template\common\header.tpl on line 39
2016-04-13 10:19:39 - PHP Notice:  Undefined variable: icon in C:\wamp\www\opencart\catalog\view\theme\zerocart-orange\template\common\header.tpl on line 20
2016-04-13 10:19:39 - PHP Notice:  Undefined variable: google_analytics in C:\wamp\www\opencart\catalog\view\theme\zerocart-orange\template\common\header.tpl on line 39
2016-04-13 10:20:20 - PHP Notice:  Undefined variable: icon in C:\wamp\www\opencart\catalog\view\theme\zerocart-orange\template\common\header.tpl on line 20
2016-04-13 10:20:20 - PHP Notice:  Undefined variable: google_analytics in C:\wamp\www\opencart\catalog\view\theme\zerocart-orange\template\common\header.tpl on line 39
2016-04-13 10:24:43 - PHP Notice:  Undefined variable: icon in C:\wamp\www\opencart\catalog\view\theme\cjoct-orange\template\common\header.tpl on line 20
2016-04-13 10:24:43 - PHP Notice:  Undefined variable: google_analytics in C:\wamp\www\opencart\catalog\view\theme\cjoct-orange\template\common\header.tpl on line 39
2016-04-13 10:25:12 - PHP Notice:  Undefined variable: icon in C:\wamp\www\opencart\catalog\view\theme\cjoct-orange\template\common\header.tpl on line 20
2016-04-13 10:25:12 - PHP Notice:  Undefined variable: google_analytics in C:\wamp\www\opencart\catalog\view\theme\cjoct-orange\template\common\header.tpl on line 39
2016-04-13 10:26:20 - PHP Notice:  Undefined variable: icon in C:\wamp\www\opencart\catalog\view\theme\cjoct-orange\template\common\header.tpl on line 20
2016-04-13 10:26:20 - PHP Notice:  Undefined variable: google_analytics in C:\wamp\www\opencart\catalog\view\theme\cjoct-orange\template\common\header.tpl on line 39
2016-04-13 10:28:02 - PHP Notice:  Undefined variable: icon in C:\wamp\www\opencart\catalog\view\theme\cjoct-orange\template\common\header.tpl on line 20
2016-04-13 10:28:02 - PHP Notice:  Undefined variable: google_analytics in C:\wamp\www\opencart\catalog\view\theme\cjoct-orange\template\common\header.tpl on line 39
2016-04-13 10:28:11 - PHP Notice:  Undefined variable: icon in C:\wamp\www\opencart\catalog\view\theme\cjoct-orange\template\common\header.tpl on line 20
2016-04-13 10:28:11 - PHP Notice:  Undefined variable: google_analytics in C:\wamp\www\opencart\catalog\view\theme\cjoct-orange\template\common\header.tpl on line 39
2016-04-13 10:28:41 - PHP Notice:  Undefined variable: icon in C:\wamp\www\opencart\catalog\view\theme\cjoct-orange\template\common\header.tpl on line 20
2016-04-13 10:28:41 - PHP Notice:  Undefined variable: google_analytics in C:\wamp\www\opencart\catalog\view\theme\cjoct-orange\template\common\header.tpl on line 39
2016-04-13 10:28:49 - PHP Notice:  Undefined variable: icon in C:\wamp\www\opencart\catalog\view\theme\cjoct-orange\template\common\header.tpl on line 20
2016-04-13 17:09:16 - PHP Notice:  Undefined variable: text_contact in C:\wamp\www\opencart\catalog\view\theme\cjt-orange\template\common\header.tpl on line 46
2016-04-13 17:10:13 - PHP Notice:  Undefined variable: text_contact in C:\wamp\www\opencart\catalog\view\theme\cjt-orange\template\common\header.tpl on line 46
2016-04-13 17:11:05 - PHP Notice:  Undefined variable: text_contact in C:\wamp\www\opencart\catalog\view\theme\cjt-orange\template\common\header.tpl on line 46
